<?xml version="1.0" encoding="UTF-8" ?>
<testsuite errors="0" failures="0" hostname="deepthought" name="org.inf.personneldatabase.reports.NepaliCalendarTest" tests="2" time="0.15" timestamp="2013-07-02T07:03:00">
  <properties>
[...]
</properties>
  <testcase classname="org.inf.personneldatabase.reports.NepaliCalendarTest" name="testConvertGregorianToNepaliDateAndBack" time="0.066" />
  <testcase classname="org.inf.personneldatabase.reports.NepaliCalendarTest" name="testGetStartAndEndOfFiscalYear" time="0.004" />
  <system-out><![CDATA[]]></system-out>
  <system-err><![CDATA[]]></system-err>
</testsuite>
